# JRE version: OpenJDK Runtime Environment Microsoft-8035246 (17.0.8+7) (build 17.0.8+7-LTS)
# Java VM: OpenJDK 64-Bit Server VM Microsoft-8035246 (17.0.8+7-LTS, mixed mode, sharing, tiered, compressed oops, compressed class ptrs, g1 gc, windows-amd64)
GC Precious Log:
 CPUs: 12 total, 12 available
 Memory: 16083M
 Large Page Support: Disabled
 NUMA Support: Disabled
 Compressed Oops: Enabled (32-bit)
 Heap Region Size: 1M
 Heap Min Capacity: 8M
 Heap Initial Capacity: 252M
 Heap Max Capacity: 2G
 Pre-touch: Disabled
 Parallel Workers: 10
 Concurrent Workers: 3
 Concurrent Refinement Workers: 10
 Periodic GC: Disabled
Heap:
 garbage-first heap   total 309248K, used 253476K [0x0000000080000000, 0x0000000100000000)
  region size 1024K, 28 young (28672K), 4 survivors (4096K)
 Metaspace       used 112407K, committed 113728K, reserved 557056K
  class space    used 15579K, committed 16192K, reserved 425984K
GC Heap History (20 events):
Event: 22.808 GC heap before
{Heap before GC invocations=60 (full 0):
 garbage-first heap   total 309248K, used 254656K [0x0000000080000000, 0x0000000100000000)
  region size 1024K, 54 young (55296K), 8 survivors (8192K)
 Metaspace       used 111219K, committed 112448K, reserved 557056K
  class space    used 15441K, committed 16000K, reserved 425984K
}
Event: 22.813 GC heap after
{Heap after GC invocations=61 (full 0):
 garbage-first heap   total 309248K, used 212263K [0x0000000080000000, 0x0000000100000000)
  region size 1024K, 5 young (5120K), 5 survivors (5120K)
 Metaspace       used 111219K, committed 112448K, reserved 557056K
  class space    used 15441K, committed 16000K, reserved 425984K
}
Event: 23.173 GC heap before
{Heap before GC invocations=61 (full 0):
 garbage-first heap   total 309248K, used 258343K [0x0000000080000000, 0x0000000100000000)
  region size 1024K, 50 young (51200K), 5 survivors (5120K)
 Metaspace       used 111677K, committed 113024K, reserved 557056K
  class space    used 15489K, committed 16064K, reserved 425984K
}
Event: 23.179 GC heap after
{Heap after GC invocations=62 (full 0):
 garbage-first heap   total 309248K, used 217628K [0x0000000080000000, 0x0000000100000000)
  region size 1024K, 6 young (6144K), 6 survivors (6144K)
 Metaspace       used 111677K, committed 113024K, reserved 557056K
  class space    used 15489K, committed 16064K, reserved 425984K
}
Event: 23.467 GC heap before
{Heap before GC invocations=62 (full 0):
 garbage-first heap   total 309248K, used 258588K [0x0000000080000000, 0x0000000100000000)
  region size 1024K, 47 young (48128K), 6 survivors (6144K)
 Metaspace       used 112037K, committed 113344K, reserved 557056K
  class space    used 15538K, committed 16128K, reserved 425984K
}
Event: 23.472 GC heap after
{Heap after GC invocations=63 (full 0):
 garbage-first heap   total 309248K, used 222589K [0x0000000080000000, 0x0000000100000000)
  region size 1024K, 5 young (5120K), 5 survivors (5120K)
 Metaspace       used 112037K, committed 113344K, reserved 557056K
  class space    used 15538K, committed 16128K, reserved 425984K
}
Event: 23.770 GC heap before
{Heap before GC invocations=63 (full 0):
 garbage-first heap   total 309248K, used 262525K [0x0000000080000000, 0x0000000100000000)
  region size 1024K, 44 young (45056K), 5 survivors (5120K)
 Metaspace       used 112128K, committed 113472K, reserved 557056K
  class space    used 15538K, committed 16128K, reserved 425984K
}
Event: 23.773 GC heap after
{Heap after GC invocations=64 (full 0):
 garbage-first heap   total 309248K, used 223664K [0x0000000080000000, 0x0000000100000000)
  region size 1024K, 4 young (4096K), 4 survivors (4096K)
 Metaspace       used 112128K, committed 113472K, reserved 557056K
  class space    used 15538K, committed 16128K, reserved 425984K
}
Event: 24.093 GC heap before
{Heap before GC invocations=64 (full 0):
 garbage-first heap   total 309248K, used 263600K [0x0000000080000000, 0x0000000100000000)
  region size 1024K, 43 young (44032K), 4 survivors (4096K)
 Metaspace       used 112391K, committed 113728K, reserved 557056K
  class space    used 15579K, committed 16192K, reserved 425984K
}
Event: 24.096 GC heap after
{Heap after GC invocations=65 (full 0):
 garbage-first heap   total 309248K, used 225235K [0x0000000080000000, 0x0000000100000000)
  region size 1024K, 4 young (4096K), 4 survivors (4096K)
 Metaspace       used 112391K, committed 113728K, reserved 557056K
  class space    used 15579K, committed 16192K, reserved 425984K
}
Event: 24.278 GC heap before
{Heap before GC invocations=65 (full 0):
 garbage-first heap   total 309248K, used 263123K [0x0000000080000000, 0x0000000100000000)
  region size 1024K, 41 young (41984K), 4 survivors (4096K)
 Metaspace       used 112391K, committed 113728K, reserved 557056K
  class space    used 15579K, committed 16192K, reserved 425984K
}
Event: 24.281 GC heap after
{Heap after GC invocations=66 (full 0):
 garbage-first heap   total 309248K, used 226372K [0x0000000080000000, 0x0000000100000000)
  region size 1024K, 4 young (4096K), 4 survivors (4096K)
 Metaspace       used 112391K, committed 113728K, reserved 557056K
  class space    used 15579K, committed 16192K, reserved 425984K
}
Event: 24.461 GC heap before
{Heap before GC invocations=66 (full 0):
 garbage-first heap   total 309248K, used 263236K [0x0000000080000000, 0x0000000100000000)
  region size 1024K, 41 young (41984K), 4 survivors (4096K)
 Metaspace       used 112397K, committed 113728K, reserved 557056K
  class space    used 15579K, committed 16192K, reserved 425984K
}
Event: 24.463 GC heap after
{Heap after GC invocations=67 (full 0):
 garbage-first heap   total 309248K, used 227477K [0x0000000080000000, 0x0000000100000000)
  region size 1024K, 4 young (4096K), 4 survivors (4096K)
 Metaspace       used 112397K, committed 113728K, reserved 557056K
  class space    used 15579K, committed 16192K, reserved 425984K
}
Event: 24.659 GC heap before
{Heap before GC invocations=67 (full 0):
 garbage-first heap   total 309248K, used 263317K [0x0000000080000000, 0x0000000100000000)
  region size 1024K, 40 young (40960K), 4 survivors (4096K)
 Metaspace       used 112399K, committed 113728K, reserved 557056K
  class space    used 15579K, committed 16192K, reserved 425984K
}
Event: 24.661 GC heap after
{Heap after GC invocations=68 (full 0):
 garbage-first heap   total 309248K, used 228368K [0x0000000080000000, 0x0000000100000000)
  region size 1024K, 4 young (4096K), 4 survivors (4096K)
 Metaspace       used 112399K, committed 113728K, reserved 557056K
  class space    used 15579K, committed 16192K, reserved 425984K
}
Event: 24.946 GC heap before
{Heap before GC invocations=68 (full 0):
 garbage-first heap   total 309248K, used 265232K [0x0000000080000000, 0x0000000100000000)
  region size 1024K, 40 young (40960K), 4 survivors (4096K)
 Metaspace       used 112399K, committed 113728K, reserved 557056K
  class space    used 15579K, committed 16192K, reserved 425984K
}
Event: 24.949 GC heap after
{Heap after GC invocations=69 (full 0):
 garbage-first heap   total 309248K, used 229366K [0x0000000080000000, 0x0000000100000000)
  region size 1024K, 4 young (4096K), 4 survivors (4096K)
 Metaspace       used 112399K, committed 113728K, reserved 557056K
  class space    used 15579K, committed 16192K, reserved 425984K
}
Event: 25.213 GC heap before
{Heap before GC invocations=69 (full 0):
 garbage-first heap   total 309248K, used 266230K [0x0000000080000000, 0x0000000100000000)
  region size 1024K, 40 young (40960K), 4 survivors (4096K)
 Metaspace       used 112399K, committed 113728K, reserved 557056K
  class space    used 15579K, committed 16192K, reserved 425984K
}
Event: 25.215 GC heap after
{Heap after GC invocations=70 (full 0):
 garbage-first heap   total 309248K, used 229924K [0x0000000080000000, 0x0000000100000000)
  region size 1024K, 4 young (4096K), 4 survivors (4096K)
 Metaspace       used 112399K, committed 113728K, reserved 557056K
  class space    used 15579K, committed 16192K, reserved 425984K
}

