# JRE version: OpenJDK Runtime Environment Microsoft-8035246 (17.0.8+7) (build 17.0.8+7-LTS)
# Java VM: OpenJDK 64-Bit Server VM Microsoft-8035246 (17.0.8+7-LTS, mixed mode, sharing, tiered, compressed oops, compressed class ptrs, g1 gc, windows-amd64)
GC Precious Log:
 CPUs: 12 total, 12 available
 Memory: 16083M
 Large Page Support: Disabled
 NUMA Support: Disabled
 Compressed Oops: Enabled (32-bit)
 Heap Region Size: 1M
 Heap Min Capacity: 8M
 Heap Initial Capacity: 252M
 Heap Max Capacity: 2G
 Pre-touch: Disabled
 Parallel Workers: 10
 Concurrent Workers: 3
 Concurrent Refinement Workers: 10
 Periodic GC: Disabled
Heap:
 garbage-first heap   total 263168K, used 189819K [0x0000000080000000, 0x0000000100000000)
  region size 1024K, 21 young (21504K), 6 survivors (6144K)
 Metaspace       used 105289K, committed 106304K, reserved 557056K
  class space    used 14726K, committed 15232K, reserved 425984K
GC Heap History (20 events):
Event: 23.612 GC heap before
{Heap before GC invocations=55 (full 0):
 garbage-first heap   total 240640K, used 170871K [0x0000000080000000, 0x0000000100000000)
  region size 1024K, 36 young (36864K), 5 survivors (5120K)
 Metaspace       used 95013K, committed 96000K, reserved 557056K
  class space    used 13446K, committed 13888K, reserved 425984K
}
Event: 23.616 GC heap after
{Heap after GC invocations=56 (full 0):
 garbage-first heap   total 240640K, used 144150K [0x0000000080000000, 0x0000000100000000)
  region size 1024K, 5 young (5120K), 5 survivors (5120K)
 Metaspace       used 95013K, committed 96000K, reserved 557056K
  class space    used 13446K, committed 13888K, reserved 425984K
}
Event: 23.684 GC heap before
{Heap before GC invocations=56 (full 0):
 garbage-first heap   total 240640K, used 150294K [0x0000000080000000, 0x0000000100000000)
  region size 1024K, 11 young (11264K), 5 survivors (5120K)
 Metaspace       used 95201K, committed 96192K, reserved 557056K
  class space    used 13467K, committed 13952K, reserved 425984K
}
Event: 23.688 GC heap after
{Heap after GC invocations=57 (full 0):
 garbage-first heap   total 240640K, used 144136K [0x0000000080000000, 0x0000000100000000)
  region size 1024K, 1 young (1024K), 1 survivors (1024K)
 Metaspace       used 95201K, committed 96192K, reserved 557056K
  class space    used 13467K, committed 13952K, reserved 425984K
}
Event: 24.264 GC heap before
{Heap before GC invocations=57 (full 0):
 garbage-first heap   total 240640K, used 191240K [0x0000000080000000, 0x0000000100000000)
  region size 1024K, 46 young (47104K), 1 survivors (1024K)
 Metaspace       used 97006K, committed 98048K, reserved 557056K
  class space    used 13653K, committed 14144K, reserved 425984K
}
Event: 24.269 GC heap after
{Heap after GC invocations=58 (full 0):
 garbage-first heap   total 240640K, used 152539K [0x0000000080000000, 0x0000000100000000)
  region size 1024K, 6 young (6144K), 6 survivors (6144K)
 Metaspace       used 97006K, committed 98048K, reserved 557056K
  class space    used 13653K, committed 14144K, reserved 425984K
}
Event: 24.952 GC heap before
{Heap before GC invocations=59 (full 0):
 garbage-first heap   total 263168K, used 192475K [0x0000000080000000, 0x0000000100000000)
  region size 1024K, 45 young (46080K), 6 survivors (6144K)
 Metaspace       used 99907K, committed 100928K, reserved 557056K
  class space    used 14104K, committed 14592K, reserved 425984K
}
Event: 24.959 GC heap after
{Heap after GC invocations=60 (full 0):
 garbage-first heap   total 263168K, used 154759K [0x0000000080000000, 0x0000000100000000)
  region size 1024K, 2 young (2048K), 2 survivors (2048K)
 Metaspace       used 99907K, committed 100928K, reserved 557056K
  class space    used 14104K, committed 14592K, reserved 425984K
}
Event: 25.185 GC heap before
{Heap before GC invocations=60 (full 0):
 garbage-first heap   total 263168K, used 164999K [0x0000000080000000, 0x0000000100000000)
  region size 1024K, 12 young (12288K), 2 survivors (2048K)
 Metaspace       used 100845K, committed 101888K, reserved 557056K
  class space    used 14225K, committed 14720K, reserved 425984K
}
Event: 25.189 GC heap after
{Heap after GC invocations=61 (full 0):
 garbage-first heap   total 263168K, used 155010K [0x0000000080000000, 0x0000000100000000)
  region size 1024K, 1 young (1024K), 1 survivors (1024K)
 Metaspace       used 100845K, committed 101888K, reserved 557056K
  class space    used 14225K, committed 14720K, reserved 425984K
}
Event: 26.191 GC heap before
{Heap before GC invocations=61 (full 0):
 garbage-first heap   total 263168K, used 209282K [0x0000000080000000, 0x0000000100000000)
  region size 1024K, 54 young (55296K), 1 survivors (1024K)
 Metaspace       used 103178K, committed 104192K, reserved 557056K
  class space    used 14495K, committed 14976K, reserved 425984K
}
Event: 26.198 GC heap after
{Heap after GC invocations=62 (full 0):
 garbage-first heap   total 263168K, used 160215K [0x0000000080000000, 0x0000000100000000)
  region size 1024K, 7 young (7168K), 7 survivors (7168K)
 Metaspace       used 103178K, committed 104192K, reserved 557056K
  class space    used 14495K, committed 14976K, reserved 425984K
}
Event: 26.793 GC heap before
{Heap before GC invocations=62 (full 0):
 garbage-first heap   total 263168K, used 212439K [0x0000000080000000, 0x0000000100000000)
  region size 1024K, 58 young (59392K), 7 survivors (7168K)
 Metaspace       used 104164K, committed 105152K, reserved 557056K
  class space    used 14598K, committed 15104K, reserved 425984K
}
Event: 26.800 GC heap after
{Heap after GC invocations=63 (full 0):
 garbage-first heap   total 263168K, used 165154K [0x0000000080000000, 0x0000000100000000)
  region size 1024K, 5 young (5120K), 5 survivors (5120K)
 Metaspace       used 104164K, committed 105152K, reserved 557056K
  class space    used 14598K, committed 15104K, reserved 425984K
}
Event: 27.265 GC heap before
{Heap before GC invocations=63 (full 0):
 garbage-first heap   total 263168K, used 214306K [0x0000000080000000, 0x0000000100000000)
  region size 1024K, 54 young (55296K), 5 survivors (5120K)
 Metaspace       used 104908K, committed 105920K, reserved 557056K
  class space    used 14685K, committed 15168K, reserved 425984K
}
Event: 27.272 GC heap after
{Heap after GC invocations=64 (full 0):
 garbage-first heap   total 263168K, used 170446K [0x0000000080000000, 0x0000000100000000)
  region size 1024K, 6 young (6144K), 6 survivors (6144K)
 Metaspace       used 104908K, committed 105920K, reserved 557056K
  class space    used 14685K, committed 15168K, reserved 425984K
}
Event: 27.776 GC heap before
{Heap before GC invocations=64 (full 0):
 garbage-first heap   total 263168K, used 216526K [0x0000000080000000, 0x0000000100000000)
  region size 1024K, 52 young (53248K), 6 survivors (6144K)
 Metaspace       used 105269K, committed 106304K, reserved 557056K
  class space    used 14726K, committed 15232K, reserved 425984K
}
Event: 27.781 GC heap after
{Heap after GC invocations=65 (full 0):
 garbage-first heap   total 263168K, used 172688K [0x0000000080000000, 0x0000000100000000)
  region size 1024K, 3 young (3072K), 3 survivors (3072K)
 Metaspace       used 105269K, committed 106304K, reserved 557056K
  class space    used 14726K, committed 15232K, reserved 425984K
}
Event: 28.108 GC heap before
{Heap before GC invocations=65 (full 0):
 garbage-first heap   total 263168K, used 218768K [0x0000000080000000, 0x0000000100000000)
  region size 1024K, 49 young (50176K), 3 survivors (3072K)
 Metaspace       used 105279K, committed 106304K, reserved 557056K
  class space    used 14726K, committed 15232K, reserved 425984K
}
Event: 28.113 GC heap after
{Heap after GC invocations=66 (full 0):
 garbage-first heap   total 263168K, used 175483K [0x0000000080000000, 0x0000000100000000)
  region size 1024K, 6 young (6144K), 6 survivors (6144K)
 Metaspace       used 105279K, committed 106304K, reserved 557056K
  class space    used 14726K, committed 15232K, reserved 425984K
}

