# JRE version: OpenJDK Runtime Environment Microsoft-8035246 (17.0.8+7) (build 17.0.8+7-LTS)
# Java VM: OpenJDK 64-Bit Server VM Microsoft-8035246 (17.0.8+7-LTS, mixed mode, sharing, tiered, compressed oops, compressed class ptrs, g1 gc, windows-amd64)
GC Precious Log:
 CPUs: 12 total, 12 available
 Memory: 16083M
 Large Page Support: Disabled
 NUMA Support: Disabled
 Compressed Oops: Enabled (32-bit)
 Heap Region Size: 1M
 Heap Min Capacity: 8M
 Heap Initial Capacity: 252M
 Heap Max Capacity: 2G
 Pre-touch: Disabled
 Parallel Workers: 10
 Concurrent Workers: 3
 Concurrent Refinement Workers: 10
 Periodic GC: Disabled
Heap:
 garbage-first heap   total 284672K, used 232518K [0x0000000080000000, 0x0000000100000000)
  region size 1024K, 36 young (36864K), 6 survivors (6144K)
 Metaspace       used 111281K, committed 112448K, reserved 557056K
  class space    used 15442K, committed 16000K, reserved 425984K
GC Heap History (20 events):
Event: 29.694 GC heap before
{Heap before GC invocations=62 (full 0):
 garbage-first heap   total 236544K, used 199741K [0x0000000080000000, 0x0000000100000000)
  region size 1024K, 25 young (25600K), 3 survivors (3072K)
 Metaspace       used 107744K, committed 108864K, reserved 557056K
  class space    used 15027K, committed 15552K, reserved 425984K
}
Event: 29.700 GC heap after
{Heap after GC invocations=63 (full 0):
 garbage-first heap   total 236544K, used 180390K [0x0000000080000000, 0x0000000100000000)
  region size 1024K, 4 young (4096K), 4 survivors (4096K)
 Metaspace       used 107744K, committed 108864K, reserved 557056K
  class space    used 15027K, committed 15552K, reserved 425984K
}
Event: 29.989 GC heap before
{Heap before GC invocations=63 (full 0):
 garbage-first heap   total 236544K, used 201894K [0x0000000080000000, 0x0000000100000000)
  region size 1024K, 25 young (25600K), 4 survivors (4096K)
 Metaspace       used 108673K, committed 109824K, reserved 557056K
  class space    used 15140K, committed 15680K, reserved 425984K
}
Event: 29.993 GC heap after
{Heap after GC invocations=64 (full 0):
 garbage-first heap   total 236544K, used 181861K [0x0000000080000000, 0x0000000100000000)
  region size 1024K, 2 young (2048K), 2 survivors (2048K)
 Metaspace       used 108673K, committed 109824K, reserved 557056K
  class space    used 15140K, committed 15680K, reserved 425984K
}
Event: 30.243 GC heap before
{Heap before GC invocations=64 (full 0):
 garbage-first heap   total 236544K, used 203365K [0x0000000080000000, 0x0000000100000000)
  region size 1024K, 23 young (23552K), 2 survivors (2048K)
 Metaspace       used 109374K, committed 110528K, reserved 557056K
  class space    used 15231K, committed 15744K, reserved 425984K
}
Event: 30.247 GC heap after
{Heap after GC invocations=65 (full 0):
 garbage-first heap   total 236544K, used 185330K [0x0000000080000000, 0x0000000100000000)
  region size 1024K, 3 young (3072K), 3 survivors (3072K)
 Metaspace       used 109374K, committed 110528K, reserved 557056K
  class space    used 15231K, committed 15744K, reserved 425984K
}
Event: 30.462 GC heap before
{Heap before GC invocations=65 (full 0):
 garbage-first heap   total 236544K, used 203762K [0x0000000080000000, 0x0000000100000000)
  region size 1024K, 21 young (21504K), 3 survivors (3072K)
 Metaspace       used 109924K, committed 111040K, reserved 557056K
  class space    used 15299K, committed 15808K, reserved 425984K
}
Event: 30.466 GC heap after
{Heap after GC invocations=66 (full 0):
 garbage-first heap   total 236544K, used 188015K [0x0000000080000000, 0x0000000100000000)
  region size 1024K, 3 young (3072K), 3 survivors (3072K)
 Metaspace       used 109924K, committed 111040K, reserved 557056K
  class space    used 15299K, committed 15808K, reserved 425984K
}
Event: 30.588 GC heap before
{Heap before GC invocations=66 (full 0):
 garbage-first heap   total 236544K, used 203375K [0x0000000080000000, 0x0000000100000000)
  region size 1024K, 18 young (18432K), 3 survivors (3072K)
 Metaspace       used 110018K, committed 111168K, reserved 557056K
  class space    used 15301K, committed 15808K, reserved 425984K
}
Event: 30.591 GC heap after
{Heap after GC invocations=67 (full 0):
 garbage-first heap   total 236544K, used 189756K [0x0000000080000000, 0x0000000100000000)
  region size 1024K, 2 young (2048K), 2 survivors (2048K)
 Metaspace       used 110018K, committed 111168K, reserved 557056K
  class space    used 15301K, committed 15808K, reserved 425984K
}
Event: 30.732 GC heap before
{Heap before GC invocations=67 (full 0):
 garbage-first heap   total 236544K, used 205116K [0x0000000080000000, 0x0000000100000000)
  region size 1024K, 17 young (17408K), 2 survivors (2048K)
 Metaspace       used 110097K, committed 111232K, reserved 557056K
  class space    used 15302K, committed 15808K, reserved 425984K
}
Event: 30.735 GC heap after
{Heap after GC invocations=68 (full 0):
 garbage-first heap   total 236544K, used 190965K [0x0000000080000000, 0x0000000100000000)
  region size 1024K, 2 young (2048K), 2 survivors (2048K)
 Metaspace       used 110097K, committed 111232K, reserved 557056K
  class space    used 15302K, committed 15808K, reserved 425984K
}
Event: 30.895 GC heap before
{Heap before GC invocations=68 (full 0):
 garbage-first heap   total 236544K, used 205301K [0x0000000080000000, 0x0000000100000000)
  region size 1024K, 16 young (16384K), 2 survivors (2048K)
 Metaspace       used 110148K, committed 111232K, reserved 557056K
  class space    used 15302K, committed 15808K, reserved 425984K
}
Event: 30.898 GC heap after
{Heap after GC invocations=69 (full 0):
 garbage-first heap   total 284672K, used 192287K [0x0000000080000000, 0x0000000100000000)
  region size 1024K, 2 young (2048K), 2 survivors (2048K)
 Metaspace       used 110148K, committed 111232K, reserved 557056K
  class space    used 15302K, committed 15808K, reserved 425984K
}
Event: 31.420 GC heap before
{Heap before GC invocations=69 (full 0):
 garbage-first heap   total 284672K, used 238367K [0x0000000080000000, 0x0000000100000000)
  region size 1024K, 48 young (49152K), 2 survivors (2048K)
 Metaspace       used 110882K, committed 112128K, reserved 557056K
  class space    used 15394K, committed 15936K, reserved 425984K
}
Event: 31.426 GC heap after
{Heap after GC invocations=70 (full 0):
 garbage-first heap   total 284672K, used 197305K [0x0000000080000000, 0x0000000100000000)
  region size 1024K, 6 young (6144K), 6 survivors (6144K)
 Metaspace       used 110882K, committed 112128K, reserved 557056K
  class space    used 15394K, committed 15936K, reserved 425984K
}
Event: 31.858 GC heap before
{Heap before GC invocations=70 (full 0):
 garbage-first heap   total 284672K, used 240313K [0x0000000080000000, 0x0000000100000000)
  region size 1024K, 49 young (50176K), 6 survivors (6144K)
 Metaspace       used 111268K, committed 112448K, reserved 557056K
  class space    used 15441K, committed 16000K, reserved 425984K
}
Event: 31.864 GC heap after
{Heap after GC invocations=71 (full 0):
 garbage-first heap   total 284672K, used 199779K [0x0000000080000000, 0x0000000100000000)
  region size 1024K, 3 young (3072K), 3 survivors (3072K)
 Metaspace       used 111268K, committed 112448K, reserved 557056K
  class space    used 15441K, committed 16000K, reserved 425984K
}
Event: 32.117 GC heap before
{Heap before GC invocations=71 (full 0):
 garbage-first heap   total 284672K, used 241763K [0x0000000080000000, 0x0000000100000000)
  region size 1024K, 45 young (46080K), 3 survivors (3072K)
 Metaspace       used 111279K, committed 112448K, reserved 557056K
  class space    used 15441K, committed 16000K, reserved 425984K
}
Event: 32.121 GC heap after
{Heap after GC invocations=72 (full 0):
 garbage-first heap   total 284672K, used 202822K [0x0000000080000000, 0x0000000100000000)
  region size 1024K, 6 young (6144K), 6 survivors (6144K)
 Metaspace       used 111279K, committed 112448K, reserved 557056K
  class space    used 15441K, committed 16000K, reserved 425984K
}

